<?xml version="1.0" encoding="UTF-8"?>
<!-- Generated by org.testng.reporters.JUnitReportReporter -->
<testsuite hostname="10503-L-79469" failures="0" tests="2" name="testNG.Parallelexecution" time="9.716" errors="0" timestamp="2021-01-08T13:30:22 IST" skipped="0">
  <testcase classname="testNG.Parallelexecution" name="openfb" time="6.128"/>
  <system-out/>
  <testcase classname="testNG.Parallelexecution" name="leafground" time="3.588"/>
  <system-out/>
</testsuite> <!-- testNG.Parallelexecution -->
