<?xml version="1.0" encoding="UTF-8"?>
<!-- Generated by org.testng.reporters.JUnitReportReporter -->
<testsuite hostname="10503-L-79469" failures="0" tests="3" name="testNG.Dependencycheck" time="0.006" errors="0" timestamp="2021-01-07T11:15:37 IST" skipped="0">
  <testcase classname="testNG.Dependencycheck" name="launchsite" time="0.004"/>
  <system-out/>
  <testcase classname="testNG.Dependencycheck" name="login" time="0.001"/>
  <system-out/>
  <testcase classname="testNG.Dependencycheck" name="Accesssite" time="0.001"/>
  <system-out/>
</testsuite> <!-- testNG.Dependencycheck -->
