<?xml version="1.0" encoding="UTF-8"?>
<!-- Generated by org.testng.reporters.JUnitReportReporter -->
<testsuite hostname="10503-L-79469" failures="0" tests="1" name="testNG.AssertionExercise" time="0.008" errors="0" timestamp="2021-01-19T14:48:32 IST" skipped="0">
  <testcase classname="testNG.AssertionExercise" name="namecheck" time="0.008"/>
  <system-out/>
</testsuite> <!-- testNG.AssertionExercise -->
