<?xml version="1.0" encoding="UTF-8"?>
<!-- Generated by org.testng.reporters.JUnitReportReporter -->
<testsuite hostname="10503-L-79469" failures="0" tests="1" name="testNG.NewTest" time="0.007" errors="0" timestamp="2021-01-19T14:51:17 IST" skipped="0">
  <testcase classname="testNG.NewTest" name="test" time="0.007"/>
  <system-out/>
</testsuite> <!-- testNG.NewTest -->
