<?xml version="1.0" encoding="UTF-8"?>
<!-- Generated by org.testng.reporters.JUnitReportReporter -->
<testsuite hostname="10503-L-79469" failures="0" tests="3" name="testNG.Bsuite" time="4.536" errors="0" timestamp="2021-01-07T11:15:37 IST" skipped="0">
  <testcase classname="testNG.Bsuite" name="gotoleaf" time="0.952"/>
  <system-out/>
  <testcase classname="testNG.Bsuite" name="gotobing" time="1.454"/>
  <system-out/>
  <testcase classname="testNG.Bsuite" name="gotofb" time="2.130"/>
  <system-out/>
</testsuite> <!-- testNG.Bsuite -->
