<?xml version="1.0" encoding="UTF-8"?>
<!-- Generated by org.testng.reporters.JUnitReportReporter -->
<testsuite hostname="10503-L-79469" failures="0" tests="3" name="testNG.testNG" time="0.013" errors="0" timestamp="2021-01-05T19:25:31 IST" skipped="0">
  <testcase classname="testNG.testNG" name="firstcase" time="0.009"/>
  <system-out/>
  <testcase classname="testNG.testNG" name="thirdcase" time="0.002"/>
  <system-out/>
  <testcase classname="testNG.testNG" name="secondcase" time="0.002"/>
  <system-out/>
</testsuite> <!-- testNG.testNG -->
