<?xml version="1.0" encoding="UTF-8"?>
<!-- Generated by org.testng.reporters.JUnitReportReporter -->
<testsuite hostname="10503-L-79469" failures="0" tests="1" name="testNG.Drivecars" time="0.007" errors="0" timestamp="2021-01-08T17:12:09 IST" skipped="0">
  <testcase classname="testNG.Drivecars" name="startcar" time="0.007"/>
  <system-out/>
</testsuite> <!-- testNG.Drivecars -->
