<?xml version="1.0" encoding="UTF-8"?>
<!-- Generated by org.testng.reporters.JUnitReportReporter -->
<testsuite hostname="10503-L-79469" failures="0" tests="4" name="testNG.Groupingconcept" time="0.011" errors="0" timestamp="2021-01-07T16:36:23 IST" skipped="0">
  <testcase classname="testNG.Groupingconcept" name="vivomax" time="0.001"/>
  <system-out/>
  <testcase classname="testNG.Groupingconcept" name="motog" time="0.008"/>
  <system-out/>
  <testcase classname="testNG.Groupingconcept" name="vivopro" time="0.001"/>
  <system-out/>
  <testcase classname="testNG.Groupingconcept" name="motoplus" time="0.001"/>
  <system-out/>
</testsuite> <!-- testNG.Groupingconcept -->
