<?xml version="1.0" encoding="UTF-8"?>
<!-- Generated by org.testng.reporters.JUnitReportReporter -->
<testsuite hostname="10503-L-79469" failures="0" tests="4" name="testNG.Skipcheck" time="0.004" errors="0" timestamp="2021-01-07T11:15:37 IST" skipped="0">
  <testcase classname="testNG.Skipcheck" name="startcar" time="0.001"/>
  <system-out/>
  <testcase classname="testNG.Skipcheck" name="musicon" time="0.001"/>
  <system-out/>
  <testcase classname="testNG.Skipcheck" name="firstgear" time="0.001"/>
  <system-out/>
  <testcase classname="testNG.Skipcheck" name="secondgear" time="0.001"/>
  <system-out/>
</testsuite> <!-- testNG.Skipcheck -->
