<?xml version="1.0" encoding="UTF-8"?>
<!-- Generated by org.testng.reporters.JUnitReportReporter -->
<testsuite hostname="10503-L-79469" failures="0" tests="1" name="testNG.Parameterization" time="0.009" errors="0" timestamp="2021-01-07T19:09:45 IST" skipped="0">
  <testcase classname="testNG.Parameterization" name="login" time="0.009"/>
  <system-out/>
</testsuite> <!-- testNG.Parameterization -->
